----------

Wed Nov 09 2022 10:49:25 GMT-0500 (Eastern Standard Time)

'D:\Documents\Masters\3rd' is not recognized as an internal or external command,
operable program or batch file.


----------

Wed Nov 09 2022 10:49:25 GMT-0500 (Eastern Standard Time)

'Big' is not recognized as an internal or external command,
operable program or batch file.


----------

Wed Nov 09 2022 10:49:25 GMT-0500 (Eastern Standard Time)

'Big' is not recognized as an internal or external command,
operable program or batch file.


----------

Wed Nov 09 2022 10:50:21 GMT-0500 (Eastern Standard Time)

'D:/Documents/Masters/3rd' is not recognized as an internal or external command,
operable program or batch file.


----------

Wed Nov 09 2022 10:50:21 GMT-0500 (Eastern Standard Time)

'Big' is not recognized as an internal or external command,
operable program or batch file.


----------

Wed Nov 09 2022 10:50:21 GMT-0500 (Eastern Standard Time)

'Big' is not recognized as an internal or external command,
operable program or batch file.


----------

Wed Nov 09 2022 10:50:36 GMT-0500 (Eastern Standard Time)

Script "D:/Documents/Masters/3rd Semester/Cloud Computing & Big Data - COMS6998/Homework\Homework 2\frontend\export-script.bat" couldn't be run

----------

Wed Nov 09 2022 10:51:01 GMT-0500 (Eastern Standard Time)

Script "D:/Documents/Masters/3rd Semester/Cloud Computing & Big Data - COMS6998/Homework/Homework 2/frontend/export-script.bat" couldn't be run

----------

Wed Nov 09 2022 10:51:42 GMT-0500 (Eastern Standard Time)

'D:/Documents/Masters/3rd' is not recognized as an internal or external command,
operable program or batch file.


----------

Wed Nov 09 2022 10:51:42 GMT-0500 (Eastern Standard Time)

'Big' is not recognized as an internal or external command,
operable program or batch file.


----------

Wed Nov 09 2022 10:51:42 GMT-0500 (Eastern Standard Time)

'Big' is not recognized as an internal or external command,
operable program or batch file.


----------

Wed Nov 09 2022 10:52:13 GMT-0500 (Eastern Standard Time)

'D:\\Documents\\Masters\\3rd' is not recognized as an internal or external command,
operable program or batch file.


----------

Wed Nov 09 2022 10:52:13 GMT-0500 (Eastern Standard Time)

'Big' is not recognized as an internal or external command,
operable program or batch file.


----------

Wed Nov 09 2022 10:52:13 GMT-0500 (Eastern Standard Time)

'Big' is not recognized as an internal or external command,
operable program or batch file.


----------

Wed Nov 09 2022 10:52:26 GMT-0500 (Eastern Standard Time)

Script "D:\\Documents\\Masters\\3rd Semester\\Cloud Computing & Big Data - COMS6998\\Homework\\Homework 2\\frontend\\export-script.bat" couldn't be run

